2017-05-04 11:41:34,920 [INFO] from application in ForkJoinPool-1-worker-2 - ApplicationTimer demo: Starting application at 2017-05-04T09:41:34.900Z.
2017-05-04 11:41:35,514 [INFO] from play.api.Play in ForkJoinPool-1-worker-2 - Application started (Dev)
2017-05-04 11:41:35,600 [INFO] from application in application-akka.actor.default-dispatcher-5 - Resolving database...
2017-05-04 11:41:35,743 [INFO] from application in application-akka.actor.default-dispatcher-5 - ReactiveMongoApi successfully configured with DB 'play'! Servers:
		[localhost:27017]
2017-05-04 11:41:35,905 [WARN] from reactivemongo.api.Failover2 in application-akka.actor.default-dispatcher-5 - [Supervisor-1/Connection-2] Got an error, retrying
java.util.concurrent.TimeoutException: Futures timed out after [100 milliseconds]
	at scala.concurrent.impl.Promise$DefaultPromise.ready(Promise.scala:223)
	at scala.concurrent.impl.Promise$DefaultPromise.result(Promise.scala:227)
	at scala.concurrent.Await$$anonfun$result$1.apply(package.scala:190)
	at akka.dispatch.MonitorableThreadFactory$AkkaForkJoinWorkerThread$$anon$3.block(ThreadPoolBuilder.scala:167)
	at scala.concurrent.forkjoin.ForkJoinPool.managedBlock(ForkJoinPool.java:3640)
	at akka.dispatch.MonitorableThreadFactory$AkkaForkJoinWorkerThread.blockOn(ThreadPoolBuilder.scala:165)
	at akka.dispatch.BatchingExecutor$BlockableBatch.blockOn(BatchingExecutor.scala:106)
	at scala.concurrent.Await$.result(package.scala:190)
	at reactivemongo.api.MongoConnection.res$1(api.scala:353)
	at reactivemongo.api.MongoConnection.reactivemongo$api$MongoConnection$$wait$1(api.scala:369)
	at reactivemongo.api.MongoConnection.waitIsAvailable(api.scala:379)
	at reactivemongo.api.MongoConnection.database(api.scala:329)
	at play.modules.reactivemongo.DefaultReactiveMongoApi.database(ReactiveMongoApi.scala:129)
	at play.modules.reactivemongo.MongoController$class.database(MongoController.scala:127)
	at controllers.HomeController.database(HomeController.scala:33)
	at controllers.HomeController.collectionF(HomeController.scala:43)
	at controllers.HomeController$$anonfun$getPersons$1.apply(HomeController.scala:82)
	at controllers.HomeController$$anonfun$getPersons$1.apply(HomeController.scala:78)
	at play.api.mvc.Action$.invokeBlock(Action.scala:498)
	at play.api.mvc.Action$.invokeBlock(Action.scala:495)
	at play.api.mvc.ActionBuilder$$anon$2.apply(Action.scala:458)
	at play.api.mvc.Action$$anonfun$apply$2$$anonfun$apply$5$$anonfun$apply$6.apply(Action.scala:112)
	at play.api.mvc.Action$$anonfun$apply$2$$anonfun$apply$5$$anonfun$apply$6.apply(Action.scala:112)
	at play.utils.Threads$.withContextClassLoader(Threads.scala:21)
	at play.api.mvc.Action$$anonfun$apply$2$$anonfun$apply$5.apply(Action.scala:111)
	at play.api.mvc.Action$$anonfun$apply$2$$anonfun$apply$5.apply(Action.scala:110)
	at scala.Option.map(Option.scala:146)
	at play.api.mvc.Action$$anonfun$apply$2.apply(Action.scala:110)
	at play.api.mvc.Action$$anonfun$apply$2.apply(Action.scala:103)
	at scala.concurrent.Future$$anonfun$flatMap$1.apply(Future.scala:253)
	at scala.concurrent.Future$$anonfun$flatMap$1.apply(Future.scala:251)
	at scala.concurrent.impl.CallbackRunnable.run(Promise.scala:36)
	at akka.dispatch.BatchingExecutor$AbstractBatch.processBatch(BatchingExecutor.scala:55)
	at akka.dispatch.BatchingExecutor$BlockableBatch$$anonfun$run$1.apply$mcV$sp(BatchingExecutor.scala:91)
	at akka.dispatch.BatchingExecutor$BlockableBatch$$anonfun$run$1.apply(BatchingExecutor.scala:91)
	at akka.dispatch.BatchingExecutor$BlockableBatch$$anonfun$run$1.apply(BatchingExecutor.scala:91)
	at scala.concurrent.BlockContext$.withBlockContext(BlockContext.scala:72)
	at akka.dispatch.BatchingExecutor$BlockableBatch.run(BatchingExecutor.scala:90)
	at akka.dispatch.TaskInvocation.run(AbstractDispatcher.scala:39)
	at akka.dispatch.ForkJoinExecutorConfigurator$AkkaForkJoinTask.exec(AbstractDispatcher.scala:415)
	at scala.concurrent.forkjoin.ForkJoinTask.doExec(ForkJoinTask.java:260)
	at scala.concurrent.forkjoin.ForkJoinPool$WorkQueue.runTask(ForkJoinPool.java:1339)
	at scala.concurrent.forkjoin.ForkJoinPool.runWorker(ForkJoinPool.java:1979)
	at scala.concurrent.forkjoin.ForkJoinWorkerThread.run(ForkJoinWorkerThread.java:107)
2017-05-04 11:41:49,530 [INFO] from application in application-akka.actor.default-dispatcher-5 - Resolving database...
2017-05-04 11:42:09,947 [INFO] from application in application-akka.actor.default-dispatcher-12 - Resolving database...
2017-05-04 11:43:28,117 [INFO] from application in ForkJoinPool-4-worker-3 - ReactiveMongoApi stopping...
2017-05-04 11:43:28,230 [INFO] from application in ForkJoinPool-4-worker-5 - ReactiveMongoApi connections stopped. [Success(Closed)]
2017-05-04 11:43:28,293 [INFO] from application in ForkJoinPool-4-worker-3 - ApplicationTimer demo: Stopping application at 2017-05-04T09:43:28.293Z after 114s.
2017-05-04 11:43:28,561 [INFO] from application in application-akka.actor.default-dispatcher-7 - ApplicationTimer demo: Starting application at 2017-05-04T09:43:28.560Z.
2017-05-04 11:43:28,718 [INFO] from play.api.Play in application-akka.actor.default-dispatcher-7 - Application started (Dev)
2017-05-04 11:43:28,738 [INFO] from application in application-akka.actor.default-dispatcher-5 - Resolving database...
2017-05-04 11:43:28,777 [INFO] from application in application-akka.actor.default-dispatcher-5 - ReactiveMongoApi successfully configured with DB 'play'! Servers:
		[localhost:27017]
2017-05-04 11:47:35,135 [INFO] from application in ForkJoinPool-4-worker-1 - ReactiveMongoApi stopping...
2017-05-04 11:47:35,152 [INFO] from application in ForkJoinPool-4-worker-5 - ReactiveMongoApi connections stopped. [Success(Closed)]
2017-05-04 11:47:35,187 [INFO] from application in ForkJoinPool-4-worker-1 - ApplicationTimer demo: Stopping application at 2017-05-04T09:47:35.187Z after 247s.
2017-05-04 11:47:35,409 [INFO] from application in application-akka.actor.default-dispatcher-8 - ApplicationTimer demo: Starting application at 2017-05-04T09:47:35.408Z.
2017-05-04 11:47:35,545 [INFO] from play.api.Play in application-akka.actor.default-dispatcher-8 - Application started (Dev)
2017-05-04 11:47:35,561 [INFO] from application in application-akka.actor.default-dispatcher-3 - Resolving database...
2017-05-04 11:47:35,586 [INFO] from application in application-akka.actor.default-dispatcher-3 - ReactiveMongoApi successfully configured with DB 'play'! Servers:
		[localhost:27017]
2017-05-04 11:51:49,072 [INFO] from application in ForkJoinPool-4-worker-3 - ReactiveMongoApi stopping...
2017-05-04 11:51:49,109 [INFO] from application in ForkJoinPool-4-worker-5 - ReactiveMongoApi connections stopped. [Success(Closed)]
2017-05-04 11:51:49,125 [INFO] from application in ForkJoinPool-4-worker-3 - ApplicationTimer demo: Stopping application at 2017-05-04T09:51:49.125Z after 254s.
2017-05-04 11:51:49,347 [INFO] from application in application-akka.actor.default-dispatcher-7 - ApplicationTimer demo: Starting application at 2017-05-04T09:51:49.345Z.
2017-05-04 11:51:49,493 [INFO] from play.api.Play in application-akka.actor.default-dispatcher-7 - Application started (Dev)
2017-05-04 11:51:49,512 [INFO] from application in application-akka.actor.default-dispatcher-2 - Resolving database...
2017-05-04 11:51:49,544 [INFO] from application in application-akka.actor.default-dispatcher-2 - ReactiveMongoApi successfully configured with DB 'play'! Servers:
		[localhost:27017]
2017-05-04 11:53:40,856 [INFO] from application in ForkJoinPool-4-worker-1 - ReactiveMongoApi stopping...
2017-05-04 11:53:40,889 [INFO] from application in ForkJoinPool-4-worker-7 - ReactiveMongoApi connections stopped. [Success(Closed)]
2017-05-04 11:53:40,922 [INFO] from application in ForkJoinPool-4-worker-1 - ApplicationTimer demo: Stopping application at 2017-05-04T09:53:40.922Z after 111s.
2017-05-04 11:53:41,130 [INFO] from application in application-akka.actor.default-dispatcher-4 - ApplicationTimer demo: Starting application at 2017-05-04T09:53:41.129Z.
2017-05-04 11:53:41,273 [INFO] from play.api.Play in application-akka.actor.default-dispatcher-4 - Application started (Dev)
2017-05-04 11:53:41,288 [INFO] from application in application-akka.actor.default-dispatcher-4 - Resolving database...
2017-05-04 11:53:41,317 [INFO] from application in application-akka.actor.default-dispatcher-4 - ReactiveMongoApi successfully configured with DB 'play'! Servers:
		[localhost:27017]
2017-05-04 11:53:41,320 [INFO] from application in application-akka.actor.default-dispatcher-4 - Resolving database...
2017-05-04 11:56:18,079 [ERROR] from application in netty-event-loop-3 - 

! @73pnncbpn - Internal server error, for (GET) [/getPersons] ->
 
play.sbt.PlayExceptions$CompilationException: Compilation error[Cannot use a method returning Unit as a Handler for requests]
	at play.sbt.PlayExceptions$CompilationException$.apply(PlayExceptions.scala:27)
	at play.sbt.PlayExceptions$CompilationException$.apply(PlayExceptions.scala:27)
	at scala.Option.map(Option.scala:145)
	at play.sbt.run.PlayReload$$anonfun$taskFailureHandler$1.apply(PlayReload.scala:49)
	at play.sbt.run.PlayReload$$anonfun$taskFailureHandler$1.apply(PlayReload.scala:44)
	at scala.Option.map(Option.scala:145)
	at play.sbt.run.PlayReload$.taskFailureHandler(PlayReload.scala:44)
	at play.sbt.run.PlayReload$.compileFailure(PlayReload.scala:40)
	at play.sbt.run.PlayReload$$anonfun$compile$1.apply(PlayReload.scala:17)
	at play.sbt.run.PlayReload$$anonfun$compile$1.apply(PlayReload.scala:17)
	at scala.util.Either$LeftProjection.map(Either.scala:377)
	at play.sbt.run.PlayReload$.compile(PlayReload.scala:17)
	at play.sbt.run.PlayRun$$anonfun$playRunTask$1$$anonfun$apply$2$$anonfun$apply$3$$anonfun$2.apply(PlayRun.scala:61)
	at play.sbt.run.PlayRun$$anonfun$playRunTask$1$$anonfun$apply$2$$anonfun$apply$3$$anonfun$2.apply(PlayRun.scala:61)
	at play.runsupport.Reloader$$anonfun$reload$1.apply(Reloader.scala:339)
	at play.runsupport.Reloader$$anon$3.run(Reloader.scala:44)
	at java.security.AccessController.doPrivileged(Native Method)
	at play.runsupport.Reloader$.play$runsupport$Reloader$$withReloaderContextClassLoader(Reloader.scala:40)
	at play.runsupport.Reloader.reload(Reloader.scala:337)
	at play.core.server.DevServerStart$$anonfun$mainDev$1$$anon$1$$anonfun$get$1.apply(DevServerStart.scala:123)
	at play.core.server.DevServerStart$$anonfun$mainDev$1$$anon$1$$anonfun$get$1.apply(DevServerStart.scala:121)
	at scala.concurrent.impl.Future$PromiseCompletingRunnable.liftedTree1$1(Future.scala:24)
	at scala.concurrent.impl.Future$PromiseCompletingRunnable.run(Future.scala:24)
	at akka.dispatch.TaskInvocation.run(AbstractDispatcher.scala:39)
	at akka.dispatch.ForkJoinExecutorConfigurator$AkkaForkJoinTask.exec(AbstractDispatcher.scala:415)
	at scala.concurrent.forkjoin.ForkJoinTask.doExec(ForkJoinTask.java:260)
	at scala.concurrent.forkjoin.ForkJoinPool$WorkQueue.runTask(ForkJoinPool.java:1339)
	at scala.concurrent.forkjoin.ForkJoinPool.runWorker(ForkJoinPool.java:1979)
	at scala.concurrent.forkjoin.ForkJoinWorkerThread.run(ForkJoinWorkerThread.java:107)
2017-05-04 11:57:25,581 [ERROR] from application in netty-event-loop-3 - 

! @73pnng7m1 - Internal server error, for (GET) [/getPersons] ->
 
play.sbt.PlayExceptions$CompilationException: Compilation error[type mismatch;
 found   : Unit
 required: play.api.mvc.Result]
	at play.sbt.PlayExceptions$CompilationException$.apply(PlayExceptions.scala:27)
	at play.sbt.PlayExceptions$CompilationException$.apply(PlayExceptions.scala:27)
	at scala.Option.map(Option.scala:145)
	at play.sbt.run.PlayReload$$anonfun$taskFailureHandler$1.apply(PlayReload.scala:49)
	at play.sbt.run.PlayReload$$anonfun$taskFailureHandler$1.apply(PlayReload.scala:44)
	at scala.Option.map(Option.scala:145)
	at play.sbt.run.PlayReload$.taskFailureHandler(PlayReload.scala:44)
	at play.sbt.run.PlayReload$.compileFailure(PlayReload.scala:40)
	at play.sbt.run.PlayReload$$anonfun$compile$1.apply(PlayReload.scala:17)
	at play.sbt.run.PlayReload$$anonfun$compile$1.apply(PlayReload.scala:17)
	at scala.util.Either$LeftProjection.map(Either.scala:377)
	at play.sbt.run.PlayReload$.compile(PlayReload.scala:17)
	at play.sbt.run.PlayRun$$anonfun$playRunTask$1$$anonfun$apply$2$$anonfun$apply$3$$anonfun$2.apply(PlayRun.scala:61)
	at play.sbt.run.PlayRun$$anonfun$playRunTask$1$$anonfun$apply$2$$anonfun$apply$3$$anonfun$2.apply(PlayRun.scala:61)
	at play.runsupport.Reloader$$anonfun$reload$1.apply(Reloader.scala:339)
	at play.runsupport.Reloader$$anon$3.run(Reloader.scala:44)
	at java.security.AccessController.doPrivileged(Native Method)
	at play.runsupport.Reloader$.play$runsupport$Reloader$$withReloaderContextClassLoader(Reloader.scala:40)
	at play.runsupport.Reloader.reload(Reloader.scala:337)
	at play.core.server.DevServerStart$$anonfun$mainDev$1$$anon$1$$anonfun$get$1.apply(DevServerStart.scala:123)
	at play.core.server.DevServerStart$$anonfun$mainDev$1$$anon$1$$anonfun$get$1.apply(DevServerStart.scala:121)
	at scala.concurrent.impl.Future$PromiseCompletingRunnable.liftedTree1$1(Future.scala:24)
	at scala.concurrent.impl.Future$PromiseCompletingRunnable.run(Future.scala:24)
	at akka.dispatch.TaskInvocation.run(AbstractDispatcher.scala:39)
	at akka.dispatch.ForkJoinExecutorConfigurator$AkkaForkJoinTask.exec(AbstractDispatcher.scala:415)
	at scala.concurrent.forkjoin.ForkJoinTask.doExec(ForkJoinTask.java:260)
	at scala.concurrent.forkjoin.ForkJoinPool$WorkQueue.runTask(ForkJoinPool.java:1339)
	at scala.concurrent.forkjoin.ForkJoinPool.runWorker(ForkJoinPool.java:1979)
	at scala.concurrent.forkjoin.ForkJoinWorkerThread.run(ForkJoinWorkerThread.java:107)
2017-05-04 11:57:53,036 [INFO] from application in ForkJoinPool-4-worker-5 - ReactiveMongoApi stopping...
2017-05-04 11:57:53,056 [INFO] from application in ForkJoinPool-4-worker-7 - ReactiveMongoApi connections stopped. [Success(Closed)]
2017-05-04 11:57:53,096 [INFO] from application in ForkJoinPool-4-worker-5 - ApplicationTimer demo: Stopping application at 2017-05-04T09:57:53.096Z after 252s.
2017-05-04 11:57:53,230 [INFO] from application in application-akka.actor.default-dispatcher-9 - ApplicationTimer demo: Starting application at 2017-05-04T09:57:53.229Z.
2017-05-04 11:57:53,352 [INFO] from play.api.Play in application-akka.actor.default-dispatcher-9 - Application started (Dev)
2017-05-04 11:57:53,363 [INFO] from application in application-akka.actor.default-dispatcher-6 - Resolving database...
2017-05-04 11:57:53,392 [INFO] from application in application-akka.actor.default-dispatcher-6 - ReactiveMongoApi successfully configured with DB 'play'! Servers:
		[localhost:27017]
2017-05-04 11:58:03,466 [WARN] from reactivemongo.core.actors.MongoDBSystem in reactivemongo-akka.actor.default-dispatcher-4 - [Supervisor-11/Connection-12] The entire node set is unreachable, is there a network problem?
2017-05-04 11:59:22,640 [INFO] from application in ForkJoinPool-4-worker-5 - ReactiveMongoApi stopping...
2017-05-04 11:59:22,665 [INFO] from application in ForkJoinPool-4-worker-1 - ReactiveMongoApi connections stopped. [Success(Closed)]
2017-05-04 11:59:22,709 [INFO] from application in ForkJoinPool-4-worker-5 - ApplicationTimer demo: Stopping application at 2017-05-04T09:59:22.709Z after 89s.
2017-05-04 11:59:22,878 [INFO] from application in application-akka.actor.default-dispatcher-3 - ApplicationTimer demo: Starting application at 2017-05-04T09:59:22.876Z.
2017-05-04 11:59:23,009 [INFO] from play.api.Play in application-akka.actor.default-dispatcher-3 - Application started (Dev)
2017-05-04 11:59:23,029 [INFO] from application in application-akka.actor.default-dispatcher-6 - Resolving database...
2017-05-04 11:59:23,078 [INFO] from application in application-akka.actor.default-dispatcher-6 - ReactiveMongoApi successfully configured with DB 'play'! Servers:
		[localhost:27017]
2017-05-04 12:00:21,168 [INFO] from application in ForkJoinPool-4-worker-1 - ReactiveMongoApi stopping...
2017-05-04 12:00:21,193 [INFO] from application in ForkJoinPool-4-worker-7 - ReactiveMongoApi connections stopped. [Success(Closed)]
2017-05-04 12:00:21,237 [INFO] from application in ForkJoinPool-4-worker-1 - ApplicationTimer demo: Stopping application at 2017-05-04T10:00:21.236Z after 59s.
2017-05-04 12:00:21,434 [INFO] from application in application-akka.actor.default-dispatcher-7 - ApplicationTimer demo: Starting application at 2017-05-04T10:00:21.432Z.
2017-05-04 12:00:21,561 [INFO] from play.api.Play in application-akka.actor.default-dispatcher-7 - Application started (Dev)
2017-05-04 12:00:21,576 [INFO] from application in application-akka.actor.default-dispatcher-4 - Resolving database...
2017-05-04 12:00:21,609 [INFO] from application in application-akka.actor.default-dispatcher-4 - ReactiveMongoApi successfully configured with DB 'play'! Servers:
		[localhost:27017]
2017-05-04 12:00:31,632 [WARN] from reactivemongo.core.actors.MongoDBSystem in reactivemongo-akka.actor.default-dispatcher-11 - [Supervisor-15/Connection-16] The entire node set is unreachable, is there a network problem?
2017-05-04 12:00:31,635 [WARN] from reactivemongo.core.actors.MongoDBSystem in reactivemongo-akka.actor.default-dispatcher-5 - [Supervisor-15/Connection-16] The entire node set is unreachable, is there a network problem?
2017-05-04 12:00:39,052 [INFO] from application in application-akka.actor.default-dispatcher-5 - Resolving database...
2017-05-04 12:00:49,027 [INFO] from application in application-akka.actor.default-dispatcher-5 - Resolving database...
2017-05-04 12:01:17,526 [INFO] from application in ForkJoinPool-4-worker-5 - ReactiveMongoApi stopping...
2017-05-04 12:01:17,598 [INFO] from application in ForkJoinPool-4-worker-1 - ReactiveMongoApi connections stopped. [Success(Closed)]
2017-05-04 12:01:17,648 [INFO] from application in ForkJoinPool-4-worker-5 - ApplicationTimer demo: Stopping application at 2017-05-04T10:01:17.648Z after 56s.
2017-05-04 12:01:17,882 [INFO] from application in application-akka.actor.default-dispatcher-5 - ApplicationTimer demo: Starting application at 2017-05-04T10:01:17.881Z.
2017-05-04 12:01:18,047 [INFO] from play.api.Play in application-akka.actor.default-dispatcher-5 - Application started (Dev)
2017-05-04 12:01:18,072 [INFO] from application in application-akka.actor.default-dispatcher-2 - Resolving database...
2017-05-04 12:01:18,093 [INFO] from application in application-akka.actor.default-dispatcher-2 - ReactiveMongoApi successfully configured with DB 'play'! Servers:
		[localhost:27017]
2017-05-04 12:01:23,510 [INFO] from application in application-akka.actor.default-dispatcher-4 - Resolving database...
2017-05-04 12:01:27,583 [INFO] from application in application-akka.actor.default-dispatcher-7 - Resolving database...
2017-05-04 12:02:48,794 [INFO] from application in ForkJoinPool-4-worker-5 - ReactiveMongoApi stopping...
2017-05-04 12:02:48,826 [INFO] from application in ForkJoinPool-4-worker-3 - ReactiveMongoApi connections stopped. [Success(Closed)]
2017-05-04 12:02:48,850 [INFO] from application in ForkJoinPool-4-worker-5 - ApplicationTimer demo: Stopping application at 2017-05-04T10:02:48.850Z after 91s.
2017-05-04 12:02:48,965 [INFO] from application in application-akka.actor.default-dispatcher-3 - ApplicationTimer demo: Starting application at 2017-05-04T10:02:48.964Z.
2017-05-04 12:02:49,088 [INFO] from play.api.Play in application-akka.actor.default-dispatcher-3 - Application started (Dev)
2017-05-04 12:02:49,105 [INFO] from application in application-akka.actor.default-dispatcher-5 - Resolving database...
2017-05-04 12:02:49,122 [INFO] from application in application-akka.actor.default-dispatcher-5 - ReactiveMongoApi successfully configured with DB 'play'! Servers:
		[localhost:27017]
2017-05-04 12:03:07,188 [INFO] from application in application-akka.actor.default-dispatcher-7 - Resolving database...
2017-05-04 12:03:23,453 [INFO] from application in application-akka.actor.default-dispatcher-14 - Resolving database...
2017-05-04 12:04:14,252 [INFO] from application in application-akka.actor.default-dispatcher-16 - Resolving database...
2017-05-04 12:59:45,560 [INFO] from application in application-akka.actor.default-dispatcher-24 - Resolving database...
2017-05-04 13:00:14,881 [INFO] from application in ForkJoinPool-4-worker-5 - ReactiveMongoApi stopping...
2017-05-04 13:00:14,897 [INFO] from application in ForkJoinPool-4-worker-1 - ReactiveMongoApi connections stopped. [Success(Closed)]
2017-05-04 13:00:14,935 [INFO] from application in ForkJoinPool-4-worker-5 - ApplicationTimer demo: Stopping application at 2017-05-04T11:00:14.935Z after 3446s.
2017-05-04 13:00:15,199 [INFO] from application in application-akka.actor.default-dispatcher-25 - ApplicationTimer demo: Starting application at 2017-05-04T11:00:15.197Z.
2017-05-04 13:00:15,321 [INFO] from play.api.Play in application-akka.actor.default-dispatcher-25 - Application started (Dev)
2017-05-04 13:00:31,740 [INFO] from application in application-akka.actor.default-dispatcher-3 - Resolving database...
2017-05-04 13:00:31,759 [INFO] from application in application-akka.actor.default-dispatcher-3 - ReactiveMongoApi successfully configured with DB 'play'! Servers:
		[localhost:27017]
2017-05-04 13:01:09,761 [INFO] from application in application-akka.actor.default-dispatcher-3 - Resolving database...
2017-05-04 13:03:46,671 [ERROR] from application in netty-event-loop-8 - 

! @73po68l0o - Internal server error, for (GET) [/getPersons] ->
 
play.sbt.PlayExceptions$CompilationException: Compilation error[No Json serializer as JsObject found for type Unit. Try to implement an implicit OWrites or OFormat for this type.]
	at play.sbt.PlayExceptions$CompilationException$.apply(PlayExceptions.scala:27)
	at play.sbt.PlayExceptions$CompilationException$.apply(PlayExceptions.scala:27)
	at scala.Option.map(Option.scala:145)
	at play.sbt.run.PlayReload$$anonfun$taskFailureHandler$1.apply(PlayReload.scala:49)
	at play.sbt.run.PlayReload$$anonfun$taskFailureHandler$1.apply(PlayReload.scala:44)
	at scala.Option.map(Option.scala:145)
	at play.sbt.run.PlayReload$.taskFailureHandler(PlayReload.scala:44)
	at play.sbt.run.PlayReload$.compileFailure(PlayReload.scala:40)
	at play.sbt.run.PlayReload$$anonfun$compile$1.apply(PlayReload.scala:17)
	at play.sbt.run.PlayReload$$anonfun$compile$1.apply(PlayReload.scala:17)
	at scala.util.Either$LeftProjection.map(Either.scala:377)
	at play.sbt.run.PlayReload$.compile(PlayReload.scala:17)
	at play.sbt.run.PlayRun$$anonfun$playRunTask$1$$anonfun$apply$2$$anonfun$apply$3$$anonfun$2.apply(PlayRun.scala:61)
	at play.sbt.run.PlayRun$$anonfun$playRunTask$1$$anonfun$apply$2$$anonfun$apply$3$$anonfun$2.apply(PlayRun.scala:61)
	at play.runsupport.Reloader$$anonfun$reload$1.apply(Reloader.scala:339)
	at play.runsupport.Reloader$$anon$3.run(Reloader.scala:44)
	at java.security.AccessController.doPrivileged(Native Method)
	at play.runsupport.Reloader$.play$runsupport$Reloader$$withReloaderContextClassLoader(Reloader.scala:40)
	at play.runsupport.Reloader.reload(Reloader.scala:337)
	at play.core.server.DevServerStart$$anonfun$mainDev$1$$anon$1$$anonfun$get$1.apply(DevServerStart.scala:123)
	at play.core.server.DevServerStart$$anonfun$mainDev$1$$anon$1$$anonfun$get$1.apply(DevServerStart.scala:121)
	at scala.concurrent.impl.Future$PromiseCompletingRunnable.liftedTree1$1(Future.scala:24)
	at scala.concurrent.impl.Future$PromiseCompletingRunnable.run(Future.scala:24)
	at akka.dispatch.TaskInvocation.run(AbstractDispatcher.scala:39)
	at akka.dispatch.ForkJoinExecutorConfigurator$AkkaForkJoinTask.exec(AbstractDispatcher.scala:415)
	at scala.concurrent.forkjoin.ForkJoinTask.doExec(ForkJoinTask.java:260)
	at scala.concurrent.forkjoin.ForkJoinPool$WorkQueue.runTask(ForkJoinPool.java:1339)
	at scala.concurrent.forkjoin.ForkJoinPool.runWorker(ForkJoinPool.java:1979)
	at scala.concurrent.forkjoin.ForkJoinWorkerThread.run(ForkJoinWorkerThread.java:107)
2017-05-04 13:05:34,208 [ERROR] from application in netty-event-loop-8 - 

! @73po6eo32 - Internal server error, for (GET) [/] ->
 
play.sbt.PlayExceptions$CompilationException: Compilation error[Cannot construct a collection of type M[play.api.libs.json.JsObject] with elements of type play.api.libs.json.JsObject based on a collection of type M[_].]
	at play.sbt.PlayExceptions$CompilationException$.apply(PlayExceptions.scala:27)
	at play.sbt.PlayExceptions$CompilationException$.apply(PlayExceptions.scala:27)
	at scala.Option.map(Option.scala:145)
	at play.sbt.run.PlayReload$$anonfun$taskFailureHandler$1.apply(PlayReload.scala:49)
	at play.sbt.run.PlayReload$$anonfun$taskFailureHandler$1.apply(PlayReload.scala:44)
	at scala.Option.map(Option.scala:145)
	at play.sbt.run.PlayReload$.taskFailureHandler(PlayReload.scala:44)
	at play.sbt.run.PlayReload$.compileFailure(PlayReload.scala:40)
	at play.sbt.run.PlayReload$$anonfun$compile$1.apply(PlayReload.scala:17)
	at play.sbt.run.PlayReload$$anonfun$compile$1.apply(PlayReload.scala:17)
	at scala.util.Either$LeftProjection.map(Either.scala:377)
	at play.sbt.run.PlayReload$.compile(PlayReload.scala:17)
	at play.sbt.run.PlayRun$$anonfun$playRunTask$1$$anonfun$apply$2$$anonfun$apply$3$$anonfun$2.apply(PlayRun.scala:61)
	at play.sbt.run.PlayRun$$anonfun$playRunTask$1$$anonfun$apply$2$$anonfun$apply$3$$anonfun$2.apply(PlayRun.scala:61)
	at play.runsupport.Reloader$$anonfun$reload$1.apply(Reloader.scala:339)
	at play.runsupport.Reloader$$anon$3.run(Reloader.scala:44)
	at java.security.AccessController.doPrivileged(Native Method)
	at play.runsupport.Reloader$.play$runsupport$Reloader$$withReloaderContextClassLoader(Reloader.scala:40)
	at play.runsupport.Reloader.reload(Reloader.scala:337)
	at play.core.server.DevServerStart$$anonfun$mainDev$1$$anon$1$$anonfun$get$1.apply(DevServerStart.scala:123)
	at play.core.server.DevServerStart$$anonfun$mainDev$1$$anon$1$$anonfun$get$1.apply(DevServerStart.scala:121)
	at scala.concurrent.impl.Future$PromiseCompletingRunnable.liftedTree1$1(Future.scala:24)
	at scala.concurrent.impl.Future$PromiseCompletingRunnable.run(Future.scala:24)
	at akka.dispatch.TaskInvocation.run(AbstractDispatcher.scala:39)
	at akka.dispatch.ForkJoinExecutorConfigurator$AkkaForkJoinTask.exec(AbstractDispatcher.scala:415)
	at scala.concurrent.forkjoin.ForkJoinTask.doExec(ForkJoinTask.java:260)
	at scala.concurrent.forkjoin.ForkJoinPool$WorkQueue.runTask(ForkJoinPool.java:1339)
	at scala.concurrent.forkjoin.ForkJoinPool.runWorker(ForkJoinPool.java:1979)
	at scala.concurrent.forkjoin.ForkJoinWorkerThread.run(ForkJoinWorkerThread.java:107)
2017-05-04 13:06:01,832 [INFO] from application in ForkJoinPool-4-worker-1 - ReactiveMongoApi stopping...
2017-05-04 13:06:01,926 [INFO] from application in ForkJoinPool-4-worker-3 - ReactiveMongoApi connections stopped. [Success(Closed)]
2017-05-04 13:06:01,962 [INFO] from application in ForkJoinPool-4-worker-1 - ApplicationTimer demo: Stopping application at 2017-05-04T11:06:01.962Z after 346s.
2017-05-04 13:06:02,097 [INFO] from application in application-akka.actor.default-dispatcher-3 - ApplicationTimer demo: Starting application at 2017-05-04T11:06:02.096Z.
2017-05-04 13:06:02,203 [INFO] from play.api.Play in application-akka.actor.default-dispatcher-3 - Application started (Dev)
2017-05-04 13:06:06,920 [INFO] from application in application-akka.actor.default-dispatcher-6 - Resolving database...
2017-05-04 13:06:06,938 [INFO] from application in application-akka.actor.default-dispatcher-6 - ReactiveMongoApi successfully configured with DB 'play'! Servers:
		[localhost:27017]
2017-05-04 13:08:14,301 [INFO] from application in ForkJoinPool-4-worker-5 - ReactiveMongoApi stopping...
2017-05-04 13:08:14,317 [INFO] from application in ForkJoinPool-4-worker-3 - ReactiveMongoApi connections stopped. [Success(Closed)]
2017-05-04 13:08:14,358 [INFO] from application in ForkJoinPool-4-worker-5 - ApplicationTimer demo: Stopping application at 2017-05-04T11:08:14.358Z after 132s.
2017-05-04 13:08:14,542 [INFO] from application in application-akka.actor.default-dispatcher-12 - ApplicationTimer demo: Starting application at 2017-05-04T11:08:14.540Z.
2017-05-04 13:08:14,675 [INFO] from play.api.Play in application-akka.actor.default-dispatcher-12 - Application started (Dev)
2017-05-04 13:08:14,687 [INFO] from application in application-akka.actor.default-dispatcher-4 - Resolving database...
2017-05-04 13:08:14,707 [INFO] from application in application-akka.actor.default-dispatcher-4 - ReactiveMongoApi successfully configured with DB 'play'! Servers:
		[localhost:27017]
2017-05-04 13:24:10,360 [INFO] from application in ForkJoinPool-4-worker-3 - ReactiveMongoApi stopping...
2017-05-04 13:24:10,394 [INFO] from application in ForkJoinPool-4-worker-7 - ReactiveMongoApi connections stopped. [Success(Closed)]
2017-05-04 13:24:10,425 [INFO] from application in ForkJoinPool-4-worker-3 - ApplicationTimer demo: Stopping application at 2017-05-04T11:24:10.425Z after 956s.
2017-05-04 13:24:10,579 [INFO] from application in application-akka.actor.default-dispatcher-4 - ApplicationTimer demo: Starting application at 2017-05-04T11:24:10.578Z.
2017-05-04 13:24:10,699 [INFO] from application in application-akka.actor.default-dispatcher-4 - Resolving database...
2017-05-04 13:24:10,716 [INFO] from application in application-akka.actor.default-dispatcher-4 - ReactiveMongoApi successfully configured with DB 'play'! Servers:
		[localhost:27017]
2017-05-04 13:24:10,729 [INFO] from play.api.Play in application-akka.actor.default-dispatcher-4 - Application started (Dev)
2017-05-04 13:25:11,191 [ERROR] from application in netty-event-loop-3 - 

! @73po93n5b - Internal server error, for (GET) [/] ->
 
play.sbt.PlayExceptions$CompilationException: Compilation error[type mismatch;
 found   : PartialFunction[reactivemongo.play.json.collection.JsCursor[List[model.Person]],List[model.Person]] => scala.concurrent.Future[List[model.Person]]
 required: String]
	at play.sbt.PlayExceptions$CompilationException$.apply(PlayExceptions.scala:27)
	at play.sbt.PlayExceptions$CompilationException$.apply(PlayExceptions.scala:27)
	at scala.Option.map(Option.scala:145)
	at play.sbt.run.PlayReload$$anonfun$taskFailureHandler$1.apply(PlayReload.scala:49)
	at play.sbt.run.PlayReload$$anonfun$taskFailureHandler$1.apply(PlayReload.scala:44)
	at scala.Option.map(Option.scala:145)
	at play.sbt.run.PlayReload$.taskFailureHandler(PlayReload.scala:44)
	at play.sbt.run.PlayReload$.compileFailure(PlayReload.scala:40)
	at play.sbt.run.PlayReload$$anonfun$compile$1.apply(PlayReload.scala:17)
	at play.sbt.run.PlayReload$$anonfun$compile$1.apply(PlayReload.scala:17)
	at scala.util.Either$LeftProjection.map(Either.scala:377)
	at play.sbt.run.PlayReload$.compile(PlayReload.scala:17)
	at play.sbt.run.PlayRun$$anonfun$playRunTask$1$$anonfun$apply$2$$anonfun$apply$3$$anonfun$2.apply(PlayRun.scala:61)
	at play.sbt.run.PlayRun$$anonfun$playRunTask$1$$anonfun$apply$2$$anonfun$apply$3$$anonfun$2.apply(PlayRun.scala:61)
	at play.runsupport.Reloader$$anonfun$reload$1.apply(Reloader.scala:339)
	at play.runsupport.Reloader$$anon$3.run(Reloader.scala:44)
	at java.security.AccessController.doPrivileged(Native Method)
	at play.runsupport.Reloader$.play$runsupport$Reloader$$withReloaderContextClassLoader(Reloader.scala:40)
	at play.runsupport.Reloader.reload(Reloader.scala:337)
	at play.core.server.DevServerStart$$anonfun$mainDev$1$$anon$1$$anonfun$get$1.apply(DevServerStart.scala:123)
	at play.core.server.DevServerStart$$anonfun$mainDev$1$$anon$1$$anonfun$get$1.apply(DevServerStart.scala:121)
	at scala.concurrent.impl.Future$PromiseCompletingRunnable.liftedTree1$1(Future.scala:24)
	at scala.concurrent.impl.Future$PromiseCompletingRunnable.run(Future.scala:24)
	at akka.dispatch.TaskInvocation.run(AbstractDispatcher.scala:39)
	at akka.dispatch.ForkJoinExecutorConfigurator$AkkaForkJoinTask.exec(AbstractDispatcher.scala:415)
	at scala.concurrent.forkjoin.ForkJoinTask.doExec(ForkJoinTask.java:260)
	at scala.concurrent.forkjoin.ForkJoinPool$WorkQueue.runTask(ForkJoinPool.java:1339)
	at scala.concurrent.forkjoin.ForkJoinPool.runWorker(ForkJoinPool.java:1979)
	at scala.concurrent.forkjoin.ForkJoinWorkerThread.run(ForkJoinWorkerThread.java:107)
2017-05-04 13:25:47,071 [INFO] from application in ForkJoinPool-4-worker-7 - ReactiveMongoApi stopping...
2017-05-04 13:25:47,110 [INFO] from application in ForkJoinPool-4-worker-3 - ReactiveMongoApi connections stopped. [Success(Closed)]
2017-05-04 13:25:47,155 [INFO] from application in ForkJoinPool-4-worker-7 - ApplicationTimer demo: Stopping application at 2017-05-04T11:25:47.155Z after 97s.
2017-05-04 13:25:47,309 [INFO] from application in application-akka.actor.default-dispatcher-9 - ApplicationTimer demo: Starting application at 2017-05-04T11:25:47.308Z.
2017-05-04 13:25:47,452 [INFO] from application in application-akka.actor.default-dispatcher-9 - Resolving database...
2017-05-04 13:25:47,496 [INFO] from application in application-akka.actor.default-dispatcher-9 - ReactiveMongoApi successfully configured with DB 'play'! Servers:
		[localhost:27017]
2017-05-04 13:25:47,510 [INFO] from play.api.Play in application-akka.actor.default-dispatcher-9 - Application started (Dev)
2017-05-04 13:26:28,477 [INFO] from application in ForkJoinPool-4-worker-3 - ReactiveMongoApi stopping...
2017-05-04 13:26:28,500 [INFO] from application in ForkJoinPool-4-worker-1 - ReactiveMongoApi connections stopped. [Success(Closed)]
2017-05-04 13:26:28,525 [INFO] from application in ForkJoinPool-4-worker-3 - ApplicationTimer demo: Stopping application at 2017-05-04T11:26:28.525Z after 41s.
2017-05-04 13:26:28,654 [INFO] from application in application-akka.actor.default-dispatcher-5 - ApplicationTimer demo: Starting application at 2017-05-04T11:26:28.652Z.
2017-05-04 13:26:28,754 [INFO] from application in application-akka.actor.default-dispatcher-5 - Resolving database...
2017-05-04 13:26:28,772 [INFO] from application in application-akka.actor.default-dispatcher-5 - ReactiveMongoApi successfully configured with DB 'play'! Servers:
		[localhost:27017]
2017-05-04 13:26:28,786 [INFO] from play.api.Play in application-akka.actor.default-dispatcher-5 - Application started (Dev)
